\BOOKMARK [0][-]{chapter*.4}{Acknowledgement}{}% 1
\BOOKMARK [0][-]{chapter*.5}{Abstract}{}% 2
\BOOKMARK [0][-]{chapter.1}{Introduction}{}% 3
\BOOKMARK [1][-]{section.1.1}{Overview}{chapter.1}% 4
\BOOKMARK [1][-]{section.1.2}{Brief Description}{chapter.1}% 5
\BOOKMARK [1][-]{section.1.3}{Problem Definition}{chapter.1}% 6
\BOOKMARK [1][-]{section.1.4}{Organization of Report}{chapter.1}% 7
\BOOKMARK [0][-]{chapter.2}{Literature Survey}{}% 8
\BOOKMARK [1][-]{section.2.1}{Database}{chapter.2}% 9
\BOOKMARK [1][-]{section.2.2}{NoSQL}{chapter.2}% 10
\BOOKMARK [2][-]{subsection.2.2.1}{Why NoSQL}{section.2.2}% 11
\BOOKMARK [1][-]{section.2.3}{Types of NoSQL Databases}{chapter.2}% 12
\BOOKMARK [2][-]{subsection.2.3.1}{Graph Databases}{section.2.3}% 13
\BOOKMARK [2][-]{subsection.2.3.2}{Document Databases}{section.2.3}% 14
\BOOKMARK [2][-]{subsection.2.3.3}{Columnar Databases}{section.2.3}% 15
\BOOKMARK [2][-]{subsection.2.3.4}{Key-Value Store Databases}{section.2.3}% 16
\BOOKMARK [1][-]{section.2.4}{Characteristics of NoSQL Databases}{chapter.2}% 17
\BOOKMARK [0][-]{chapter.3}{Software Requirement Specification}{}% 18
\BOOKMARK [1][-]{section.3.1}{Introduction}{chapter.3}% 19
\BOOKMARK [2][-]{subsection.3.1.1}{Purpose}{section.3.1}% 20
\BOOKMARK [2][-]{subsection.3.1.2}{Project Scope}{section.3.1}% 21
\BOOKMARK [2][-]{subsection.3.1.3}{Need}{section.3.1}% 22
\BOOKMARK [2][-]{subsection.3.1.4}{Benefits}{section.3.1}% 23
\BOOKMARK [2][-]{subsection.3.1.5}{Objectives}{section.3.1}% 24
\BOOKMARK [2][-]{subsection.3.1.6}{User Classes and Characteristics}{section.3.1}% 25
\BOOKMARK [2][-]{subsection.3.1.7}{Operating Environment}{section.3.1}% 26
\BOOKMARK [2][-]{subsection.3.1.8}{Assumptions and Dependencies}{section.3.1}% 27
\BOOKMARK [1][-]{section.3.2}{System Features}{chapter.3}% 28
\BOOKMARK [1][-]{section.3.3}{External Interface Requirements}{chapter.3}% 29
\BOOKMARK [2][-]{subsection.3.3.1}{User Interfaces}{section.3.3}% 30
\BOOKMARK [2][-]{subsection.3.3.2}{Hardware Interfaces}{section.3.3}% 31
\BOOKMARK [2][-]{subsection.3.3.3}{Software Interfaces}{section.3.3}% 32
\BOOKMARK [1][-]{section.3.4}{Nonfunctional Requirements}{chapter.3}% 33
\BOOKMARK [2][-]{subsection.3.4.1}{Performance Requirements}{section.3.4}% 34
\BOOKMARK [2][-]{subsection.3.4.2}{Safety Requirements}{section.3.4}% 35
\BOOKMARK [2][-]{subsection.3.4.3}{Software Quality Attributes}{section.3.4}% 36
\BOOKMARK [1][-]{section.3.5}{Analysis Model}{chapter.3}% 37
\BOOKMARK [2][-]{subsection.3.5.1}{Class Diagrams}{section.3.5}% 38
\BOOKMARK [1][-]{section.3.6}{System Implementation Plan}{chapter.3}% 39
\BOOKMARK [2][-]{subsection.3.6.1}{Description of Implementation}{section.3.6}% 40
\BOOKMARK [0][-]{chapter.4}{System Design}{}% 41
\BOOKMARK [1][-]{section.4.1}{System Architecture}{chapter.4}% 42
\BOOKMARK [0][-]{chapter.5}{Technical Specification}{}% 43
\BOOKMARK [1][-]{section.5.1}{Technology used for the project}{chapter.5}% 44
\BOOKMARK [0][-]{chapter.6}{Project Estimate, Schedule And Team Structure }{}% 45
\BOOKMARK [1][-]{section.6.1}{System Implementation Plan}{chapter.6}% 46
\BOOKMARK [2][-]{subsection.6.1.1}{Major Task}{section.6.1}% 47
\BOOKMARK [2][-]{subsection.6.1.2}{Description of Implementation}{section.6.1}% 48
\BOOKMARK [2][-]{subsection.6.1.3}{Points-of-Contact}{section.6.1}% 49
\BOOKMARK [2][-]{subsection.6.1.4}{Security and Privacy}{section.6.1}% 50
\BOOKMARK [1][-]{section.6.2}{Project Scheduling}{chapter.6}% 51
\BOOKMARK [1][-]{section.6.3}{Feasibility Study}{chapter.6}% 52
\BOOKMARK [2][-]{subsection.6.3.1}{COCOMO Model}{section.6.3}% 53
\BOOKMARK [1][-]{section.6.4}{Team Structure}{chapter.6}% 54
\BOOKMARK [0][-]{chapter.7}{Software Implementation}{}% 55
\BOOKMARK [1][-]{section.7.1}{System Implementation}{chapter.7}% 56
\BOOKMARK [1][-]{section.7.2}{Mathematical Modeling and algorithm}{chapter.7}% 57
\BOOKMARK [2][-]{subsection.7.2.1}{Applications}{section.7.2}% 58
\BOOKMARK [2][-]{subsection.7.2.2}{Advantages and Disvantages}{section.7.2}% 59
\BOOKMARK [0][-]{chapter.8}{Software Testing}{}% 60
\BOOKMARK [1][-]{section.8.1}{Introduction to Testing}{chapter.8}% 61
\BOOKMARK [2][-]{subsection.8.1.1}{Types of Tests}{section.8.1}% 62
\BOOKMARK [1][-]{section.8.2}{Manual Test Cases}{chapter.8}% 63
\BOOKMARK [0][-]{chapter.9}{Experimental Results And Discussion}{}% 64
\BOOKMARK [0][-]{chapter.10}{Conclusion And Future Scope}{}% 65
\BOOKMARK [0][-]{chapter*.60}{References}{}% 66
\BOOKMARK [0][-]{chapter*.61}{Appendix}{}% 67
\BOOKMARK [0][-]{chapter*.62}{Authors Profile}{}% 68
